05:18:36 [INFO] summary="SET sql_mode=(SELECT CONCAT(@@sql_mode, ',PIPES_AS_CONCAT,NO_ENGINE_SUBSTITUTION')),time_zone='+00:00',NAMES …" db.statement="\n\nSET sql_mode=(SELECT CONCAT(@@sql_mode, ',PIPES_AS_CONCAT,NO_ENGINE_SUBSTITUTION')),time_zone='+00:00',NAMES utf8mb4 COLLATE utf8mb4_unicode_ci;\n" rows_affected=0 rows_returned=0 elapsed=1.748ms elapsed_secs=0.001748
05:18:36 [INFO] summary="SET sql_mode=(SELECT CONCAT(@@sql_mode, ',PIPES_AS_CONCAT,NO_ENGINE_SUBSTITUTION')),time_zone='+00:00',NAMES …" db.statement="\n\nSET sql_mode=(SELECT CONCAT(@@sql_mode, ',PIPES_AS_CONCAT,NO_ENGINE_SUBSTITUTION')),time_zone='+00:00',NAMES utf8mb4 COLLATE utf8mb4_unicode_ci;\n" rows_affected=0 rows_returned=0 elapsed=1.9155ms elapsed_secs=0.0019155
05:18:36 [INFO] summary="SET sql_mode=(SELECT CONCAT(@@sql_mode, ',PIPES_AS_CONCAT,NO_ENGINE_SUBSTITUTION')),time_zone='+00:00',NAMES …" db.statement="\n\nSET sql_mode=(SELECT CONCAT(@@sql_mode, ',PIPES_AS_CONCAT,NO_ENGINE_SUBSTITUTION')),time_zone='+00:00',NAMES utf8mb4 COLLATE utf8mb4_unicode_ci;\n" rows_affected=0 rows_returned=0 elapsed=1.4716ms elapsed_secs=0.0014716
05:18:36 [INFO] summary="SET sql_mode=(SELECT CONCAT(@@sql_mode, ',PIPES_AS_CONCAT,NO_ENGINE_SUBSTITUTION')),time_zone='+00:00',NAMES …" db.statement="\n\nSET sql_mode=(SELECT CONCAT(@@sql_mode, ',PIPES_AS_CONCAT,NO_ENGINE_SUBSTITUTION')),time_zone='+00:00',NAMES utf8mb4 COLLATE utf8mb4_unicode_ci;\n" rows_affected=0 rows_returned=0 elapsed=1.5698ms elapsed_secs=0.0015698
05:18:36 [INFO] summary="SET sql_mode=(SELECT CONCAT(@@sql_mode, ',PIPES_AS_CONCAT,NO_ENGINE_SUBSTITUTION')),time_zone='+00:00',NAMES …" db.statement="\n\nSET sql_mode=(SELECT CONCAT(@@sql_mode, ',PIPES_AS_CONCAT,NO_ENGINE_SUBSTITUTION')),time_zone='+00:00',NAMES utf8mb4 COLLATE utf8mb4_unicode_ci;\n" rows_affected=0 rows_returned=0 elapsed=1.8628ms elapsed_secs=0.0018628
05:18:36 [INFO] starting 12 workers
05:18:36 [INFO] Actix runtime found; starting in Actix runtime
05:18:36 [INFO] starting service: "actix-web-service-127.0.0.1:8090", workers: 12, listening on: 127.0.0.1:8090
05:18:52 [INFO] summary="SET sql_mode=(SELECT CONCAT(@@sql_mode, ',PIPES_AS_CONCAT,NO_ENGINE_SUBSTITUTION')),time_zone='+00:00',NAMES …" db.statement="\n\nSET sql_mode=(SELECT CONCAT(@@sql_mode, ',PIPES_AS_CONCAT,NO_ENGINE_SUBSTITUTION')),time_zone='+00:00',NAMES utf8mb4 COLLATE utf8mb4_unicode_ci;\n" rows_affected=0 rows_returned=0 elapsed=2.0382ms elapsed_secs=0.0020382
05:18:52 [INFO] summary="SET sql_mode=(SELECT CONCAT(@@sql_mode, ',PIPES_AS_CONCAT,NO_ENGINE_SUBSTITUTION')),time_zone='+00:00',NAMES …" db.statement="\n\nSET sql_mode=(SELECT CONCAT(@@sql_mode, ',PIPES_AS_CONCAT,NO_ENGINE_SUBSTITUTION')),time_zone='+00:00',NAMES utf8mb4 COLLATE utf8mb4_unicode_ci;\n" rows_affected=0 rows_returned=0 elapsed=1.7809ms elapsed_secs=0.0017809
05:18:52 [INFO] summary="SET sql_mode=(SELECT CONCAT(@@sql_mode, ',PIPES_AS_CONCAT,NO_ENGINE_SUBSTITUTION')),time_zone='+00:00',NAMES …" db.statement="\n\nSET sql_mode=(SELECT CONCAT(@@sql_mode, ',PIPES_AS_CONCAT,NO_ENGINE_SUBSTITUTION')),time_zone='+00:00',NAMES utf8mb4 COLLATE utf8mb4_unicode_ci;\n" rows_affected=0 rows_returned=0 elapsed=2.264ms elapsed_secs=0.002264
05:18:52 [INFO] summary="SET sql_mode=(SELECT CONCAT(@@sql_mode, ',PIPES_AS_CONCAT,NO_ENGINE_SUBSTITUTION')),time_zone='+00:00',NAMES …" db.statement="\n\nSET sql_mode=(SELECT CONCAT(@@sql_mode, ',PIPES_AS_CONCAT,NO_ENGINE_SUBSTITUTION')),time_zone='+00:00',NAMES utf8mb4 COLLATE utf8mb4_unicode_ci;\n" rows_affected=0 rows_returned=0 elapsed=1.5551ms elapsed_secs=0.0015551
05:18:52 [INFO] summary="SET sql_mode=(SELECT CONCAT(@@sql_mode, ',PIPES_AS_CONCAT,NO_ENGINE_SUBSTITUTION')),time_zone='+00:00',NAMES …" db.statement="\n\nSET sql_mode=(SELECT CONCAT(@@sql_mode, ',PIPES_AS_CONCAT,NO_ENGINE_SUBSTITUTION')),time_zone='+00:00',NAMES utf8mb4 COLLATE utf8mb4_unicode_ci;\n" rows_affected=0 rows_returned=0 elapsed=1.4978ms elapsed_secs=0.0014978
05:19:08 [INFO] summary="SET sql_mode=(SELECT CONCAT(@@sql_mode, ',PIPES_AS_CONCAT,NO_ENGINE_SUBSTITUTION')),time_zone='+00:00',NAMES …" db.statement="\n\nSET sql_mode=(SELECT CONCAT(@@sql_mode, ',PIPES_AS_CONCAT,NO_ENGINE_SUBSTITUTION')),time_zone='+00:00',NAMES utf8mb4 COLLATE utf8mb4_unicode_ci;\n" rows_affected=0 rows_returned=0 elapsed=1.5649ms elapsed_secs=0.0015649
05:19:08 [INFO] summary="SET sql_mode=(SELECT CONCAT(@@sql_mode, ',PIPES_AS_CONCAT,NO_ENGINE_SUBSTITUTION')),time_zone='+00:00',NAMES …" db.statement="\n\nSET sql_mode=(SELECT CONCAT(@@sql_mode, ',PIPES_AS_CONCAT,NO_ENGINE_SUBSTITUTION')),time_zone='+00:00',NAMES utf8mb4 COLLATE utf8mb4_unicode_ci;\n" rows_affected=0 rows_returned=0 elapsed=2.281ms elapsed_secs=0.002281
05:19:08 [INFO] summary="SET sql_mode=(SELECT CONCAT(@@sql_mode, ',PIPES_AS_CONCAT,NO_ENGINE_SUBSTITUTION')),time_zone='+00:00',NAMES …" db.statement="\n\nSET sql_mode=(SELECT CONCAT(@@sql_mode, ',PIPES_AS_CONCAT,NO_ENGINE_SUBSTITUTION')),time_zone='+00:00',NAMES utf8mb4 COLLATE utf8mb4_unicode_ci;\n" rows_affected=0 rows_returned=0 elapsed=2.1932ms elapsed_secs=0.0021932
05:19:08 [INFO] summary="SET sql_mode=(SELECT CONCAT(@@sql_mode, ',PIPES_AS_CONCAT,NO_ENGINE_SUBSTITUTION')),time_zone='+00:00',NAMES …" db.statement="\n\nSET sql_mode=(SELECT CONCAT(@@sql_mode, ',PIPES_AS_CONCAT,NO_ENGINE_SUBSTITUTION')),time_zone='+00:00',NAMES utf8mb4 COLLATE utf8mb4_unicode_ci;\n" rows_affected=0 rows_returned=0 elapsed=1.8002ms elapsed_secs=0.0018002
05:19:08 [INFO] summary="SET sql_mode=(SELECT CONCAT(@@sql_mode, ',PIPES_AS_CONCAT,NO_ENGINE_SUBSTITUTION')),time_zone='+00:00',NAMES …" db.statement="\n\nSET sql_mode=(SELECT CONCAT(@@sql_mode, ',PIPES_AS_CONCAT,NO_ENGINE_SUBSTITUTION')),time_zone='+00:00',NAMES utf8mb4 COLLATE utf8mb4_unicode_ci;\n" rows_affected=0 rows_returned=0 elapsed=1.9617ms elapsed_secs=0.0019617
05:19:24 [INFO] summary="SET sql_mode=(SELECT CONCAT(@@sql_mode, ',PIPES_AS_CONCAT,NO_ENGINE_SUBSTITUTION')),time_zone='+00:00',NAMES …" db.statement="\n\nSET sql_mode=(SELECT CONCAT(@@sql_mode, ',PIPES_AS_CONCAT,NO_ENGINE_SUBSTITUTION')),time_zone='+00:00',NAMES utf8mb4 COLLATE utf8mb4_unicode_ci;\n" rows_affected=0 rows_returned=0 elapsed=2.1393ms elapsed_secs=0.0021393
05:19:24 [INFO] summary="SET sql_mode=(SELECT CONCAT(@@sql_mode, ',PIPES_AS_CONCAT,NO_ENGINE_SUBSTITUTION')),time_zone='+00:00',NAMES …" db.statement="\n\nSET sql_mode=(SELECT CONCAT(@@sql_mode, ',PIPES_AS_CONCAT,NO_ENGINE_SUBSTITUTION')),time_zone='+00:00',NAMES utf8mb4 COLLATE utf8mb4_unicode_ci;\n" rows_affected=0 rows_returned=0 elapsed=1.8215ms elapsed_secs=0.0018215
05:19:24 [INFO] summary="SET sql_mode=(SELECT CONCAT(@@sql_mode, ',PIPES_AS_CONCAT,NO_ENGINE_SUBSTITUTION')),time_zone='+00:00',NAMES …" db.statement="\n\nSET sql_mode=(SELECT CONCAT(@@sql_mode, ',PIPES_AS_CONCAT,NO_ENGINE_SUBSTITUTION')),time_zone='+00:00',NAMES utf8mb4 COLLATE utf8mb4_unicode_ci;\n" rows_affected=0 rows_returned=0 elapsed=1.531ms elapsed_secs=0.001531
05:19:24 [INFO] summary="SET sql_mode=(SELECT CONCAT(@@sql_mode, ',PIPES_AS_CONCAT,NO_ENGINE_SUBSTITUTION')),time_zone='+00:00',NAMES …" db.statement="\n\nSET sql_mode=(SELECT CONCAT(@@sql_mode, ',PIPES_AS_CONCAT,NO_ENGINE_SUBSTITUTION')),time_zone='+00:00',NAMES utf8mb4 COLLATE utf8mb4_unicode_ci;\n" rows_affected=0 rows_returned=0 elapsed=1.5874ms elapsed_secs=0.0015874
05:19:25 [INFO] summary="SET sql_mode=(SELECT CONCAT(@@sql_mode, ',PIPES_AS_CONCAT,NO_ENGINE_SUBSTITUTION')),time_zone='+00:00',NAMES …" db.statement="\n\nSET sql_mode=(SELECT CONCAT(@@sql_mode, ',PIPES_AS_CONCAT,NO_ENGINE_SUBSTITUTION')),time_zone='+00:00',NAMES utf8mb4 COLLATE utf8mb4_unicode_ci;\n" rows_affected=0 rows_returned=0 elapsed=1.5831ms elapsed_secs=0.0015831
05:19:40 [INFO] summary="SET sql_mode=(SELECT CONCAT(@@sql_mode, ',PIPES_AS_CONCAT,NO_ENGINE_SUBSTITUTION')),time_zone='+00:00',NAMES …" db.statement="\n\nSET sql_mode=(SELECT CONCAT(@@sql_mode, ',PIPES_AS_CONCAT,NO_ENGINE_SUBSTITUTION')),time_zone='+00:00',NAMES utf8mb4 COLLATE utf8mb4_unicode_ci;\n" rows_affected=0 rows_returned=0 elapsed=2.407ms elapsed_secs=0.002407
05:19:40 [INFO] summary="SET sql_mode=(SELECT CONCAT(@@sql_mode, ',PIPES_AS_CONCAT,NO_ENGINE_SUBSTITUTION')),time_zone='+00:00',NAMES …" db.statement="\n\nSET sql_mode=(SELECT CONCAT(@@sql_mode, ',PIPES_AS_CONCAT,NO_ENGINE_SUBSTITUTION')),time_zone='+00:00',NAMES utf8mb4 COLLATE utf8mb4_unicode_ci;\n" rows_affected=0 rows_returned=0 elapsed=1.878ms elapsed_secs=0.001878
05:19:40 [INFO] summary="SET sql_mode=(SELECT CONCAT(@@sql_mode, ',PIPES_AS_CONCAT,NO_ENGINE_SUBSTITUTION')),time_zone='+00:00',NAMES …" db.statement="\n\nSET sql_mode=(SELECT CONCAT(@@sql_mode, ',PIPES_AS_CONCAT,NO_ENGINE_SUBSTITUTION')),time_zone='+00:00',NAMES utf8mb4 COLLATE utf8mb4_unicode_ci;\n" rows_affected=0 rows_returned=0 elapsed=2.5217ms elapsed_secs=0.0025217
05:19:41 [INFO] summary="SET sql_mode=(SELECT CONCAT(@@sql_mode, ',PIPES_AS_CONCAT,NO_ENGINE_SUBSTITUTION')),time_zone='+00:00',NAMES …" db.statement="\n\nSET sql_mode=(SELECT CONCAT(@@sql_mode, ',PIPES_AS_CONCAT,NO_ENGINE_SUBSTITUTION')),time_zone='+00:00',NAMES utf8mb4 COLLATE utf8mb4_unicode_ci;\n" rows_affected=0 rows_returned=0 elapsed=1.9524ms elapsed_secs=0.0019524
05:19:41 [INFO] summary="SET sql_mode=(SELECT CONCAT(@@sql_mode, ',PIPES_AS_CONCAT,NO_ENGINE_SUBSTITUTION')),time_zone='+00:00',NAMES …" db.statement="\n\nSET sql_mode=(SELECT CONCAT(@@sql_mode, ',PIPES_AS_CONCAT,NO_ENGINE_SUBSTITUTION')),time_zone='+00:00',NAMES utf8mb4 COLLATE utf8mb4_unicode_ci;\n" rows_affected=0 rows_returned=0 elapsed=1.8955ms elapsed_secs=0.0018955
05:19:56 [INFO] summary="SET sql_mode=(SELECT CONCAT(@@sql_mode, ',PIPES_AS_CONCAT,NO_ENGINE_SUBSTITUTION')),time_zone='+00:00',NAMES …" db.statement="\n\nSET sql_mode=(SELECT CONCAT(@@sql_mode, ',PIPES_AS_CONCAT,NO_ENGINE_SUBSTITUTION')),time_zone='+00:00',NAMES utf8mb4 COLLATE utf8mb4_unicode_ci;\n" rows_affected=0 rows_returned=0 elapsed=1.4922ms elapsed_secs=0.0014922
05:19:56 [INFO] summary="SET sql_mode=(SELECT CONCAT(@@sql_mode, ',PIPES_AS_CONCAT,NO_ENGINE_SUBSTITUTION')),time_zone='+00:00',NAMES …" db.statement="\n\nSET sql_mode=(SELECT CONCAT(@@sql_mode, ',PIPES_AS_CONCAT,NO_ENGINE_SUBSTITUTION')),time_zone='+00:00',NAMES utf8mb4 COLLATE utf8mb4_unicode_ci;\n" rows_affected=0 rows_returned=0 elapsed=1.7615ms elapsed_secs=0.0017615
05:19:56 [INFO] summary="SET sql_mode=(SELECT CONCAT(@@sql_mode, ',PIPES_AS_CONCAT,NO_ENGINE_SUBSTITUTION')),time_zone='+00:00',NAMES …" db.statement="\n\nSET sql_mode=(SELECT CONCAT(@@sql_mode, ',PIPES_AS_CONCAT,NO_ENGINE_SUBSTITUTION')),time_zone='+00:00',NAMES utf8mb4 COLLATE utf8mb4_unicode_ci;\n" rows_affected=0 rows_returned=0 elapsed=2.1858ms elapsed_secs=0.0021858
05:19:57 [INFO] summary="SET sql_mode=(SELECT CONCAT(@@sql_mode, ',PIPES_AS_CONCAT,NO_ENGINE_SUBSTITUTION')),time_zone='+00:00',NAMES …" db.statement="\n\nSET sql_mode=(SELECT CONCAT(@@sql_mode, ',PIPES_AS_CONCAT,NO_ENGINE_SUBSTITUTION')),time_zone='+00:00',NAMES utf8mb4 COLLATE utf8mb4_unicode_ci;\n" rows_affected=0 rows_returned=0 elapsed=2.2474ms elapsed_secs=0.0022474
05:19:57 [INFO] summary="SET sql_mode=(SELECT CONCAT(@@sql_mode, ',PIPES_AS_CONCAT,NO_ENGINE_SUBSTITUTION')),time_zone='+00:00',NAMES …" db.statement="\n\nSET sql_mode=(SELECT CONCAT(@@sql_mode, ',PIPES_AS_CONCAT,NO_ENGINE_SUBSTITUTION')),time_zone='+00:00',NAMES utf8mb4 COLLATE utf8mb4_unicode_ci;\n" rows_affected=0 rows_returned=0 elapsed=1.9581ms elapsed_secs=0.0019581
05:20:12 [INFO] summary="SET sql_mode=(SELECT CONCAT(@@sql_mode, ',PIPES_AS_CONCAT,NO_ENGINE_SUBSTITUTION')),time_zone='+00:00',NAMES …" db.statement="\n\nSET sql_mode=(SELECT CONCAT(@@sql_mode, ',PIPES_AS_CONCAT,NO_ENGINE_SUBSTITUTION')),time_zone='+00:00',NAMES utf8mb4 COLLATE utf8mb4_unicode_ci;\n" rows_affected=0 rows_returned=0 elapsed=1.5146ms elapsed_secs=0.0015146
05:20:12 [INFO] summary="SET sql_mode=(SELECT CONCAT(@@sql_mode, ',PIPES_AS_CONCAT,NO_ENGINE_SUBSTITUTION')),time_zone='+00:00',NAMES …" db.statement="\n\nSET sql_mode=(SELECT CONCAT(@@sql_mode, ',PIPES_AS_CONCAT,NO_ENGINE_SUBSTITUTION')),time_zone='+00:00',NAMES utf8mb4 COLLATE utf8mb4_unicode_ci;\n" rows_affected=0 rows_returned=0 elapsed=1.7451ms elapsed_secs=0.0017451
05:20:12 [INFO] summary="SET sql_mode=(SELECT CONCAT(@@sql_mode, ',PIPES_AS_CONCAT,NO_ENGINE_SUBSTITUTION')),time_zone='+00:00',NAMES …" db.statement="\n\nSET sql_mode=(SELECT CONCAT(@@sql_mode, ',PIPES_AS_CONCAT,NO_ENGINE_SUBSTITUTION')),time_zone='+00:00',NAMES utf8mb4 COLLATE utf8mb4_unicode_ci;\n" rows_affected=0 rows_returned=0 elapsed=1.9245ms elapsed_secs=0.0019245
05:20:13 [INFO] summary="SET sql_mode=(SELECT CONCAT(@@sql_mode, ',PIPES_AS_CONCAT,NO_ENGINE_SUBSTITUTION')),time_zone='+00:00',NAMES …" db.statement="\n\nSET sql_mode=(SELECT CONCAT(@@sql_mode, ',PIPES_AS_CONCAT,NO_ENGINE_SUBSTITUTION')),time_zone='+00:00',NAMES utf8mb4 COLLATE utf8mb4_unicode_ci;\n" rows_affected=0 rows_returned=0 elapsed=2.3512ms elapsed_secs=0.0023512
05:20:13 [INFO] summary="SET sql_mode=(SELECT CONCAT(@@sql_mode, ',PIPES_AS_CONCAT,NO_ENGINE_SUBSTITUTION')),time_zone='+00:00',NAMES …" db.statement="\n\nSET sql_mode=(SELECT CONCAT(@@sql_mode, ',PIPES_AS_CONCAT,NO_ENGINE_SUBSTITUTION')),time_zone='+00:00',NAMES utf8mb4 COLLATE utf8mb4_unicode_ci;\n" rows_affected=0 rows_returned=0 elapsed=1.4227ms elapsed_secs=0.0014227
05:20:26 [INFO] SIGINT received; starting forced shutdown
05:20:26 [INFO] shutting down idle worker
05:20:26 [INFO] shutting down idle worker
05:20:26 [INFO] shutting down idle worker
05:20:26 [INFO] shutting down idle worker
05:20:26 [INFO] shutting down idle worker
05:20:26 [INFO] shutting down idle worker
05:20:26 [INFO] shutting down idle worker
05:20:26 [INFO] shutting down idle worker
05:20:26 [INFO] shutting down idle worker
05:20:26 [INFO] shutting down idle worker
05:20:26 [INFO] shutting down idle worker
05:20:26 [INFO] shutting down idle worker
05:20:26 [INFO] accept thread stopped
